timestamp: 2016-10-21T16:44:20.470758
CREATE TABLE auth_user(
    id INTEGER PRIMARY KEY AUTOINCREMENT,
    first_name CHAR(128),
    last_name CHAR(128),
    email CHAR(512),
    password CHAR(512),
    registration_key CHAR(512),
    reset_password_key CHAR(512),
    registration_id CHAR(512)
);
success!
timestamp: 2016-10-21T16:44:20.477236
CREATE TABLE auth_group(
    id INTEGER PRIMARY KEY AUTOINCREMENT,
    role CHAR(512),
    description TEXT
);
success!
timestamp: 2016-10-21T16:44:20.484662
CREATE TABLE auth_membership(
    id INTEGER PRIMARY KEY AUTOINCREMENT,
    user_id INTEGER REFERENCES auth_user (id) ON DELETE CASCADE  ,
    group_id INTEGER REFERENCES auth_group (id) ON DELETE CASCADE  
);
success!
timestamp: 2016-10-21T16:44:20.491805
CREATE TABLE auth_permission(
    id INTEGER PRIMARY KEY AUTOINCREMENT,
    group_id INTEGER REFERENCES auth_group (id) ON DELETE CASCADE  ,
    name CHAR(512),
    table_name CHAR(512),
    record_id INTEGER
);
success!
timestamp: 2016-10-21T16:44:20.499115
CREATE TABLE auth_event(
    id INTEGER PRIMARY KEY AUTOINCREMENT,
    time_stamp TIMESTAMP,
    client_ip CHAR(512),
    user_id INTEGER REFERENCES auth_user (id) ON DELETE CASCADE  ,
    origin CHAR(512),
    description TEXT
);
success!
timestamp: 2016-10-21T16:44:20.506847
CREATE TABLE auth_cas(
    id INTEGER PRIMARY KEY AUTOINCREMENT,
    user_id INTEGER REFERENCES auth_user (id) ON DELETE CASCADE  ,
    created_on TIMESTAMP,
    service CHAR(512),
    ticket CHAR(512),
    renew CHAR(1)
);
success!
timestamp: 2016-10-27T09:00:48.230567
CREATE TABLE tel(
    id INTEGER PRIMARY KEY AUTOINCREMENT,
    name TEXT,
    ra TEXT,
    decl TEXT,
    rad TEXT,
    cat CHAR(512)
);
success!
timestamp: 2016-11-10T01:39:03.036574
CREATE TABLE queries(
    id INTEGER PRIMARY KEY AUTOINCREMENT,
    name TEXT,
    ra TEXT,
    decl TEXT,
    rad TEXT,
    cat CHAR(512)
);
success!
timestamp: 2016-11-10T09:43:03.518191
ALTER TABLE queries ADD created_on TIMESTAMP;
timestamp: 2016-11-10T09:43:03.521921
ALTER TABLE queries ADD user_email CHAR(512);
success!
timestamp: 2016-12-06T21:13:22.308779
CREATE TABLE results(
    id INTEGER PRIMARY KEY AUTOINCREMENT,
    datum BLOB
);
success!
DELETE FROM results;
DELETE FROM sqlite_sequence WHERE name='results';
success!
DELETE FROM results;
DELETE FROM sqlite_sequence WHERE name='results';
success!
DELETE FROM results;
DELETE FROM sqlite_sequence WHERE name='results';
success!
DELETE FROM results;
DELETE FROM sqlite_sequence WHERE name='results';
success!
